build/app/outputs/mapping/release/seeds.txt
com.yanyan.techblog.MainActivity
com.yanyan.techblog.MainActivity: MainActivity()
...
com.google.android.recaptcha.internal.zzeh: com.google.android.recaptcha.internal.zzeh zzh
com.google.firestore.v1.StructuredAggregationQuery: int STRUCTURED_QUERY_FIELD_NUMBER
com.google.android.recaptcha.internal.zzhp: com.google.android.recaptcha.internal.zzho zzf
com.google.firestore.v1.ListenResponse: int DOCUMENT_REMOVE_FIELD_NUMBER
com.google.android.recaptcha.internal.zzic: java.lang.String zzg
com.google.firestore.bundle.BundledQuery: int PARENT_FIELD_NUMBER
kotlin.jvm.internal.CallableReference: java.lang.String signature
com.google.android.recaptcha.internal.zzjm: int zzd
com.google.firestore.admin.v1.Index$IndexField: int FIELD_PATH_FIELD_NUMBER
com.google.android.recaptcha.internal.zzhz: com.google.android.recaptcha.internal.zzhd zza
com.google.android.recaptcha.internal.zzhg: java.lang.Object[] zzd
com.google.firestore.v1.StructuredQuery$CompositeFilter: int FILTERS_FIELD_NUMBER
com.google.android.gms.internal.firebase-auth-api.zzru: int zzd
androidx.window.layout.HardwareFoldingFeature$Type: androidx.window.layout.HardwareFoldingFeature$Type FOLD
com.google.android.recaptcha.internal.zzeh: com.google.android.recaptcha.internal.zzeh zzm
com.google.android.recaptcha.internal.zzez: com.google.android.recaptcha.internal.zzfz zza
com.google.android.gms.internal.firebase-auth-api.zzsf: int zzd
com.google.android.recaptcha.internal.zzhv: com.google.android.recaptcha.internal.zzhv zzh
com.google.firestore.v1.Write: int UPDATE_TRANSFORMS_FIELD_NUMBER
androidx.window.R$attr: int splitMinWidth
com.google.firestore.v1.DocumentRemove: com.google.protobuf.Parser PARSER
com.google.firebase.firestore.proto.UnknownDocument: com.google.protobuf.Parser PARSER
com.google.android.gms.internal.firebase-auth-api.zzor: com.google.android.gms.internal.firebase-auth-api.zzox zze
com.google.firestore.v1.TransactionOptions: com.google.firestore.v1.TransactionOptions DEFAULT_INSTANCE
androidx.window.embedding.ExtensionEmbeddingBackend: java.util.concurrent.CopyOnWriteArrayList splitChangeCallbacks
com.google.firestore.v1.RunAggregationQueryRequest: java.lang.Object consistencySelector_
com.google.firebase.firestore.proto.Target: com.google.protobuf.Parser PARSER
com.google.android.recaptcha.internal.zzei: int zzc
com.google.firestore.v1.WriteRequest: int STREAM_ID_FIELD_NUMBER
androidx.window.layout.SidecarWindowBackend$WindowLayoutChangeCallbackWrapper: androidx.core.util.Consumer callback
com.google.android.recaptcha.internal.zzdq: int zze
com.google.android.recaptcha.internal.zzc: int zzc
androidx.window.java.layout.WindowInfoTrackerCallbackAdapter$addListener$1$1$invokeSuspend$$inlined$collect$1: androidx.core.util.Consumer $consumer$inlined
kotlinx.coroutines.android.HandlerDispatcherKt: android.view.Choreographer choreographer
com.google.android.gms.internal.firebase-auth-api.zzss: com.google.android.gms.internal.firebase-auth-api.zzaff zze
com.google.android.recaptcha.internal.zzeh: com.google.android.recaptcha.internal.zzeh zzV
com.google.firestore.v1.Target: int QUERY_FIELD_NUMBER
io.flutter.embedding.engine.FlutterJNI: java.lang.Long nativeShellHolderId
com.google.android.gms.internal.firebase-auth-api.zzpy: com.google.android.gms.internal.firebase-auth-api.zzpy zzb
com.google.android.gms.internal.firebase-auth-api.zzpg: com.google.android.gms.internal.firebase-auth-api.zzpm zze
androidx.window.layout.FoldingFeature$Orientation: androidx.window.layout.FoldingFeature$Orientation HORIZONTAL
com.google.android.recaptcha.internal.zzeh: com.google.android.recaptcha.internal.zzeh zzE
com.google.firestore.v1.Target: int targetId_
com.google.firestore.v1.DocumentRemove: com.google.protobuf.Timestamp readTime_
com.google.android.gms.internal.firebase-auth-api.zzsz: int zze
com.google.android.recaptcha.internal.zzcn: int zza
com.google.firebase.auth.internal.zzr: android.os.Parcelable$Creator CREATOR
com.google.android.gms.internal.firebase-auth-api.zzte: int zze
com.google.firestore.v1.Value: com.google.firestore.v1.Value DEFAULT_INSTANCE