build/app/outputs/mapping/release/mapping.txt
# compiler: R8
# compiler_version: 3.2.47
# min_api: 19
# common_typos_disable
# {"id":"com.android.tools.r8.mapping","version":"2.0"}
# pg_map_id: e19273f
# pg_map_hash: SHA-256 e19273fc28eeccd7c329c4c17f3c5f3bb3c2e0a33da7b6d160d2d0aef4e80d72
...
com.google.android.gms.internal.firebase-auth-api.zzff -> com.google.android.gms.internal.firebase-auth-api.td:
    java.lang.Object zza(com.google.android.gms.internal.firebase-auth-api.zzahp) -> a
com.google.android.gms.internal.firebase-auth-api.zzfg -> com.google.android.gms.internal.firebase-auth-api.ud:
    com.google.android.gms.internal.firebase-auth-api.zzfh zza -> b
    com.google.android.gms.internal.firebase-auth-api.zzahp zza(com.google.android.gms.internal.firebase-auth-api.zzahp) -> a
    com.google.android.gms.internal.firebase-auth-api.zzahp zzb(com.google.android.gms.internal.firebase-auth-api.zzaff) -> b
    java.util.Map zzc() -> c
    void zzd(com.google.android.gms.internal.firebase-auth-api.zzahp) -> d
com.google.android.gms.internal.firebase-auth-api.zzfh -> com.google.android.gms.internal.firebase-auth-api.vd:
    com.google.android.gms.internal.firebase-auth-api.zzkg zza() -> a
    com.google.android.gms.internal.firebase-auth-api.zzsm zzb() -> b
    com.google.android.gms.internal.firebase-auth-api.zzahp zzc(com.google.android.gms.internal.firebase-auth-api.zzaff) -> c
    java.lang.String zzd() -> d
    void zze(com.google.android.gms.internal.firebase-auth-api.zzahp) -> e
    void zzg(boolean) -> k
    com.google.android.gms.internal.firebase-auth-api.zzkf zzh(int,int) -> l
    boolean zzi() -> m
com.google.android.gms.internal.firebase-auth-api.zzfi -> com.google.android.gms.internal.firebase-auth-api.wd:
com.google.android.gms.internal.firebase-auth-api.zzfj -> com.google.android.gms.internal.firebase-auth-api.xd:
    com.google.android.gms.internal.firebase-auth-api.zzfk zzb -> b
    java.lang.Integer zza -> a
    com.google.android.gms.internal.firebase-auth-api.zzfj zza(int) -> a
    com.google.android.gms.internal.firebase-auth-api.zzfj zzb(com.google.android.gms.internal.firebase-auth-api.zzfk) -> b
    com.google.android.gms.internal.firebase-auth-api.zzfm zzc() -> c
com.google.android.gms.internal.firebase-auth-api.zzfk -> com.google.android.gms.internal.firebase-auth-api.yd:
    java.lang.String zzd -> a
    com.google.android.gms.internal.firebase-auth-api.zzfk zzb -> c
    com.google.android.gms.internal.firebase-auth-api.zzfk zza -> b
    com.google.android.gms.internal.firebase-auth-api.zzfk zzc -> d
com.google.android.gms.internal.firebase-auth-api.zzfl -> com.google.android.gms.internal.firebase-auth-api.zd:
com.google.android.gms.internal.firebase-auth-api.zzfm -> com.google.android.gms.internal.firebase-auth-api.ae:
    com.google.android.gms.internal.firebase-auth-api.zzfk zzb -> b
    int zza -> a
    int zza() -> a
    com.google.android.gms.internal.firebase-auth-api.zzfk zzb() -> b
    boolean zzc() -> c
com.google.android.gms.internal.firebase-auth-api.zzfn -> com.google.android.gms.internal.firebase-auth-api.be:
    com.google.android.gms.internal.firebase-auth-api.zzfn zza -> a
com.google.android.gms.internal.firebase-auth-api.zzfo -> com.google.android.gms.internal.firebase-auth-api.ce:
    com.google.android.gms.internal.firebase-auth-api.zzfo zza -> a
com.google.android.gms.internal.firebase-auth-api.zzfp -> com.google.android.gms.internal.firebase-auth-api.de:
    com.google.android.gms.internal.firebase-auth-api.zzfp zza -> a
com.google.android.gms.internal.firebase-auth-api.zzfq -> com.google.android.gms.internal.firebase-auth-api.ee:
    com.google.android.gms.internal.firebase-auth-api.zzfq zza -> a
    com.google.android.gms.internal.firebase-auth-api.zzbj zza(com.google.android.gms.internal.firebase-auth-api.zzln,com.google.android.gms.internal.firebase-auth-api.zzcp) -> a