build/app/outputs/mapping/release/usage.txt
com.yanyan.techblog.BuildConfig
com.yanyan.techblog.R$attr
com.yanyan.techblog.R$color
com.yanyan.techblog.R$dimen
com.yanyan.techblog.R$drawable
com.yanyan.techblog.R$id
com.yanyan.techblog.R$integer
com.yanyan.techblog.R$layout
com.yanyan.techblog.R$mipmap
com.yanyan.techblog.R$raw
com.yanyan.techblog.R$string
com.yanyan.techblog.R$style
com.yanyan.techblog.R$styleable
com.yanyan.techblog.R$xml
com.yanyan.techblog.R
...
com.google.common.io.Closer$SuppressingSuppressor
com.google.common.io.Closer$Suppressor
com.google.common.io.Closer
com.google.common.io.CountingInputStream
com.google.common.io.CountingOutputStream
com.google.common.io.ElementTypesAreNonnullByDefault
com.google.common.io.FileBackedOutputStream$1
com.google.common.io.FileBackedOutputStream$2
com.google.common.io.FileBackedOutputStream$MemoryOutput
com.google.common.io.FileBackedOutputStream
com.google.common.io.FileWriteMode
com.google.common.io.Files$1
com.google.common.io.Files$2
com.google.common.io.Files$FileByteSink
com.google.common.io.Files$FileByteSource
com.google.common.io.Files$FilePredicate$1
com.google.common.io.Files$FilePredicate$2
com.google.common.io.Files$FilePredicate
com.google.common.io.Files
com.google.common.io.Flushables
com.google.common.io.Java8Compatibility
com.google.common.io.LineBuffer
com.google.common.io.LineProcessor
com.google.common.io.LineReader$1
com.google.common.io.LineReader
com.google.common.io.LittleEndianDataInputStream
com.google.common.io.LittleEndianDataOutputStream
com.google.common.io.MultiInputStream
com.google.common.io.MultiReader
com.google.common.io.ParametricNullness
com.google.common.io.PatternFilenameFilter
com.google.common.io.ReaderInputStream
com.google.common.io.Resources$1
com.google.common.io.Resources$UrlByteSource
com.google.common.io.Resources
com.google.common.io.package-info
com.google.common.math.BigDecimalMath$BigDecimalToDoubleRounder
com.google.common.math.BigDecimalMath
com.google.common.math.BigIntegerMath$1
com.google.common.math.BigIntegerMath$BigIntegerToDoubleRounder
com.google.common.math.BigIntegerMath
com.google.common.math.DoubleMath$1
com.google.common.math.DoubleMath
com.google.common.math.DoubleUtils
com.google.common.math.ElementTypesAreNonnullByDefault
com.google.common.math.IntMath:
    static final int FLOOR_SQRT_MAX_INT
    static final int MAX_POWER_OF_SQRT2_UNSIGNED
    static final int MAX_SIGNED_POWER_OF_TWO
    private void <init>()
    public static int binomial(int,int)
    public static int ceilingPowerOfTwo(int)
    public static int checkedAdd(int,int)
    public static int checkedMultiply(int,int)
    public static int checkedPow(int,int)
    public static int checkedSubtract(int,int)
    public static int factorial(int)
    public static int floorPowerOfTwo(int)
    public static int gcd(int,int)
    public static boolean isPrime(int)
    public static int log10(int,java.math.RoundingMode)
    private static int log10Floor(int)
    public static int mean(int,int)
    public static int mod(int,int)
    public static int pow(int,int)
    public static int saturatedAdd(int,int)
    public static int saturatedPow(int,int)
    public static int saturatedSubtract(int,int)
    public static int sqrt(int,java.math.RoundingMode)
    private static int sqrtFloor(int)
com.google.common.math.LinearTransformation$1
com.google.common.math.LinearTransformation$LinearTransformationBuilder
com.google.common.math.LinearTransformation$NaNLinearTransformation
com.google.common.math.LinearTransformation$RegularLinearTransformation
com.google.common.math.LinearTransformation$VerticalLinearTransformation
com.google.common.math.LinearTransformation
com.google.common.math.LongMath$1
com.google.common.math.LongMath$MillerRabinTester$1
com.google.common.math.LongMath$MillerRabinTester$2
com.google.common.math.LongMath$MillerRabinTester